Epoch: 0, Loss: 0.4533230662345886
Epoch: 1, Loss: 0.26680636405944824
Epoch: 2, Loss: 0.2336529642343521
Epoch: 3, Loss: 0.21954339742660522
Epoch: 4, Loss: 0.21085818111896515
Epoch: 5, Loss: 0.20387664437294006
Epoch: 6, Loss: 0.19852808117866516
Epoch: 7, Loss: 0.19359906017780304
Epoch: 8, Loss: 0.189374178647995
Epoch: 9, Loss: 0.1848248839378357
Epoch: 10, Loss: 0.18136802315711975
Epoch: 11, Loss: 0.17787376046180725
Epoch: 12, Loss: 0.1750425100326538
Epoch: 13, Loss: 0.17235571146011353
Epoch: 14, Loss: 0.1710902750492096
Epoch: 15, Loss: 0.16890400648117065
Epoch: 16, Loss: 0.16766059398651123
Epoch: 17, Loss: 0.16518740355968475
Epoch: 18, Loss: 0.16344574093818665
Epoch: 19, Loss: 0.16185098886489868
Epoch: 20, Loss: 0.1597226858139038
Epoch: 21, Loss: 0.1581638902425766
Epoch: 22, Loss: 0.15687759220600128
Epoch: 23, Loss: 0.15366411209106445
Epoch: 24, Loss: 0.15768441557884216
Epoch: 25, Loss: 0.152532160282135
Epoch: 26, Loss: 0.1526978611946106
Epoch: 27, Loss: 0.14954018592834473
Epoch: 28, Loss: 0.14727477729320526
Epoch: 29, Loss: 0.15141905844211578
Epoch: 30, Loss: 0.14983318746089935
Epoch: 31, Loss: 0.1467868536710739
Epoch: 32, Loss: 0.14177857339382172
Epoch: 33, Loss: 0.1447686403989792
Epoch: 34, Loss: 0.14244741201400757
Epoch: 35, Loss: 0.1435689628124237
Epoch: 36, Loss: 0.14220210909843445
Epoch: 37, Loss: 0.14397990703582764
Epoch: 38, Loss: 0.14308100938796997
Epoch: 39, Loss: 0.13888390362262726
Epoch: 40, Loss: 0.13629291951656342
Epoch: 41, Loss: 0.13515089452266693
Epoch: 42, Loss: 0.13909906148910522
Epoch: 43, Loss: 0.13708023726940155
Epoch: 44, Loss: 0.13797971606254578
Epoch: 45, Loss: 0.1362113505601883
Epoch: 46, Loss: 0.1353517472743988
Epoch: 47, Loss: 0.13093353807926178
Epoch: 48, Loss: 0.13235262036323547
Epoch: 49, Loss: 0.135722354054451
Epoch: 50, Loss: 0.13159485161304474
Epoch: 51, Loss: 0.12898966670036316
Epoch: 52, Loss: 0.1330912560224533
Epoch: 53, Loss: 0.14069326221942902
Epoch: 54, Loss: 0.13815836608409882
Epoch: 55, Loss: 0.13366161286830902
Epoch: 56, Loss: 0.13481304049491882
Epoch: 57, Loss: 0.1335109919309616
Epoch: 58, Loss: 0.1288873553276062
Epoch: 59, Loss: 0.12792687118053436
Epoch: 60, Loss: 0.13520635664463043
Epoch: 61, Loss: 0.13103297352790833
Epoch: 62, Loss: 0.12802140414714813
Epoch: 63, Loss: 0.12975086271762848
Epoch: 64, Loss: 0.1255621314048767
Epoch: 65, Loss: 0.12462592869997025
Epoch: 66, Loss: 0.12300143390893936
Epoch: 67, Loss: 0.12597300112247467
Epoch: 68, Loss: 0.1274685263633728
Epoch: 69, Loss: 0.13354936242103577
Epoch: 70, Loss: 0.13121101260185242
Epoch: 71, Loss: 0.12580931186676025
Epoch: 72, Loss: 0.12573674321174622
Epoch: 73, Loss: 0.12337872385978699
Epoch: 74, Loss: 0.12244628369808197
Epoch: 75, Loss: 0.12078458815813065
Epoch: 76, Loss: 0.11673548817634583
Epoch: 77, Loss: 0.11713093519210815
Epoch: 78, Loss: 0.12919451296329498
Epoch: 79, Loss: 0.13272543251514435
Epoch: 80, Loss: 0.1330787092447281
Epoch: 81, Loss: 0.12095561623573303
Epoch: 82, Loss: 0.12097497284412384
Epoch: 83, Loss: 0.11897280067205429
Epoch: 84, Loss: 0.1189614087343216
Epoch: 85, Loss: 0.1169692650437355
Epoch: 86, Loss: 0.11323094367980957
Epoch: 87, Loss: 0.11513218283653259
Epoch: 88, Loss: 0.12385516613721848
Epoch: 89, Loss: 0.1323404759168625
Epoch: 90, Loss: 0.1312164068222046
Epoch: 91, Loss: 0.12879213690757751
Epoch: 92, Loss: 0.1268768608570099
Epoch: 93, Loss: 0.12843650579452515
Epoch: 94, Loss: 0.1205957755446434
Epoch: 95, Loss: 0.11732330918312073
Epoch: 96, Loss: 0.12092858552932739
Epoch: 97, Loss: 0.11428066343069077
Epoch: 98, Loss: 0.1140161007642746
Epoch: 99, Loss: 0.11436917632818222
Epoch: 100, Loss: 0.11943598091602325
Epoch: 101, Loss: 0.11759509146213531
Epoch: 102, Loss: 0.11436400562524796
Epoch: 103, Loss: 0.11647776514291763
Epoch: 104, Loss: 0.11740628629922867
Epoch: 105, Loss: 0.1135377287864685
Epoch: 106, Loss: 0.11181604117155075
Epoch: 107, Loss: 0.12910974025726318
Epoch: 108, Loss: 0.11880502849817276
Epoch: 109, Loss: 0.11913972347974777
Epoch: 110, Loss: 0.12004028260707855
Epoch: 111, Loss: 0.11779281497001648
Epoch: 112, Loss: 0.11983474344015121
Epoch: 113, Loss: 0.1207984983921051
Epoch: 114, Loss: 0.11602498590946198
Epoch: 115, Loss: 0.11129069328308105
Epoch: 116, Loss: 0.11215206235647202
Epoch: 117, Loss: 0.11284821480512619
Epoch: 118, Loss: 0.11618533730506897
Epoch: 119, Loss: 0.11977683007717133
Epoch: 120, Loss: 0.12498687207698822
Epoch: 121, Loss: 0.1272580623626709
Epoch: 122, Loss: 0.12138644605875015
Epoch: 123, Loss: 0.11428222060203552
Epoch: 124, Loss: 0.11333183199167252
Epoch: 125, Loss: 0.11558131873607635
Epoch: 126, Loss: 0.11229781061410904
Epoch: 127, Loss: 0.11090783029794693
Epoch: 128, Loss: 0.10613984614610672
Epoch: 129, Loss: 0.10447388142347336
Epoch: 130, Loss: 0.10450643301010132
Epoch: 131, Loss: 0.10198815912008286
Epoch: 132, Loss: 0.1058463603258133
Epoch: 133, Loss: 0.1152910515666008
Epoch: 134, Loss: 0.1202312782406807
Epoch: 135, Loss: 0.12687882781028748
Epoch: 136, Loss: 0.12430623173713684
Epoch: 137, Loss: 0.1188778430223465
Epoch: 138, Loss: 0.11340082436800003
Epoch: 139, Loss: 0.11139951646327972
Epoch: 140, Loss: 0.11468669772148132
Epoch: 141, Loss: 0.10984475165605545
Epoch: 142, Loss: 0.10687772929668427
Epoch: 143, Loss: 0.10450518876314163
Epoch: 144, Loss: 0.10127071291208267
Epoch: 145, Loss: 0.10093667358160019
Epoch: 146, Loss: 0.10377273708581924
Epoch: 147, Loss: 0.11021274328231812
Epoch: 148, Loss: 0.11776528507471085
Epoch: 149, Loss: 0.1295621246099472
Epoch: 150, Loss: 0.12172280997037888
Epoch: 151, Loss: 0.11476641893386841
Epoch: 152, Loss: 0.12936925888061523
Epoch: 153, Loss: 0.11809559166431427
Epoch: 154, Loss: 0.1138700395822525
Epoch: 155, Loss: 0.11845361441373825
Epoch: 156, Loss: 0.11582524329423904
Epoch: 157, Loss: 0.11002733558416367
Epoch: 158, Loss: 0.1071108803153038
Epoch: 159, Loss: 0.10337306559085846
Epoch: 160, Loss: 0.1014704629778862
Epoch: 161, Loss: 0.10389191657304764
Epoch: 162, Loss: 0.12983845174312592
Epoch: 163, Loss: 0.1133463904261589
Epoch: 164, Loss: 0.11131171137094498
Epoch: 165, Loss: 0.1086786538362503
Epoch: 166, Loss: 0.10688038170337677
Epoch: 167, Loss: 0.105286605656147
Epoch: 168, Loss: 0.10129107534885406
Epoch: 169, Loss: 0.10310043394565582
Epoch: 170, Loss: 0.09942523390054703
Epoch: 171, Loss: 0.09945663064718246
Epoch: 172, Loss: 0.11210900545120239
Epoch: 173, Loss: 0.11399976909160614
Epoch: 174, Loss: 0.11438045650720596
Epoch: 175, Loss: 0.11686477065086365
Epoch: 176, Loss: 0.1134016290307045
Epoch: 177, Loss: 0.1113167256116867
Epoch: 178, Loss: 0.1192513257265091
Epoch: 179, Loss: 0.11305791884660721
Epoch: 180, Loss: 0.11046061664819717
Epoch: 181, Loss: 0.10627110302448273
Epoch: 182, Loss: 0.10515997558832169
Epoch: 183, Loss: 0.10149116069078445
Epoch: 184, Loss: 0.11422549188137054
Epoch: 185, Loss: 0.11988772451877594
Epoch: 186, Loss: 0.11982680857181549
Epoch: 187, Loss: 0.10893634706735611
Epoch: 188, Loss: 0.10542387515306473
Epoch: 189, Loss: 0.10332061350345612
Epoch: 190, Loss: 0.10016156733036041
Epoch: 191, Loss: 0.09895205497741699
Epoch: 192, Loss: 0.09859595447778702
Epoch: 193, Loss: 0.09764846414327621
Epoch: 194, Loss: 0.09549605846405029
Epoch: 195, Loss: 0.09493517875671387
Epoch: 196, Loss: 0.0938318595290184
Epoch: 197, Loss: 0.09333929419517517
Epoch: 198, Loss: 0.09024962037801743
Epoch: 199, Loss: 0.08974459767341614
Epoch: 200, Loss: 0.08876193314790726
Epoch: 201, Loss: 0.0881161019206047
Epoch: 202, Loss: 0.08982157707214355
Epoch: 203, Loss: 0.10051051527261734
Epoch: 204, Loss: 0.13016852736473083
Epoch: 205, Loss: 0.13292314112186432
Epoch: 206, Loss: 0.12102271616458893
Epoch: 207, Loss: 0.11719224601984024
Epoch: 208, Loss: 0.12101241201162338
Epoch: 209, Loss: 0.11719442158937454
Epoch: 210, Loss: 0.11244352906942368
Epoch: 211, Loss: 0.10936060547828674
Epoch: 212, Loss: 0.11497128009796143
Epoch: 213, Loss: 0.11155907809734344
Epoch: 214, Loss: 0.10612807422876358
Epoch: 215, Loss: 0.10729001462459564
Epoch: 216, Loss: 0.12998472154140472
Epoch: 217, Loss: 0.11478397250175476
Epoch: 218, Loss: 0.1100335419178009
Epoch: 219, Loss: 0.11442730575799942
Epoch: 220, Loss: 0.12026043236255646
Epoch: 221, Loss: 0.13424238562583923
Epoch: 222, Loss: 0.11451516300439835
Epoch: 223, Loss: 0.11304150521755219
Epoch: 224, Loss: 0.11502712965011597
Epoch: 225, Loss: 0.10952398926019669
Epoch: 226, Loss: 0.10344100743532181
Epoch: 227, Loss: 0.10670457780361176
Epoch: 228, Loss: 0.10644989460706711
Epoch: 229, Loss: 0.10498416423797607
Epoch: 230, Loss: 0.10223950445652008
Epoch: 231, Loss: 0.09893567115068436
Epoch: 232, Loss: 0.09838200360536575
Epoch: 233, Loss: 0.0990200936794281
Epoch: 234, Loss: 0.0977567583322525
Epoch: 235, Loss: 0.10025858879089355
Epoch: 236, Loss: 0.09527155011892319
Epoch: 237, Loss: 0.09736918658018112
Epoch: 238, Loss: 0.09666669368743896
Epoch: 239, Loss: 0.13281378149986267
Epoch: 240, Loss: 0.12250382453203201
Epoch: 241, Loss: 0.12468265742063522
Epoch: 242, Loss: 0.10752076655626297
Epoch: 243, Loss: 0.10635272413492203
Epoch: 244, Loss: 0.10447894036769867
Epoch: 245, Loss: 0.10686993598937988
Epoch: 246, Loss: 0.10224220156669617
Epoch: 247, Loss: 0.09985269606113434
Epoch: 248, Loss: 0.09681598842144012
Epoch: 249, Loss: 0.09817399084568024
Epoch: 250, Loss: 0.10151392221450806
Epoch: 251, Loss: 0.09740734845399857
Epoch: 252, Loss: 0.09424693882465363
Epoch: 253, Loss: 0.09344693273305893
Epoch: 254, Loss: 0.0918722003698349
Epoch: 255, Loss: 0.09068165719509125
Epoch: 256, Loss: 0.08765614777803421
Epoch: 257, Loss: 0.08672261983156204
Epoch: 258, Loss: 0.08726521581411362
Epoch: 259, Loss: 0.11210814118385315
Epoch: 260, Loss: 0.13556523621082306
Epoch: 261, Loss: 0.1165391281247139
Epoch: 262, Loss: 0.12034433335065842
Epoch: 263, Loss: 0.11116694658994675
Epoch: 264, Loss: 0.1087065115571022
Epoch: 265, Loss: 0.10936187952756882
Epoch: 266, Loss: 0.0996420830488205
Epoch: 267, Loss: 0.0992695540189743
Epoch: 268, Loss: 0.09769367426633835
Epoch: 269, Loss: 0.10106044262647629
Epoch: 270, Loss: 0.1023421585559845
Epoch: 271, Loss: 0.11007381230592728
Epoch: 272, Loss: 0.11556265503168106
Epoch: 273, Loss: 0.11635381728410721
Epoch: 274, Loss: 0.11386525630950928
Epoch: 275, Loss: 0.10236778110265732
Epoch: 276, Loss: 0.10357125103473663
Epoch: 277, Loss: 0.12587198615074158
Epoch: 278, Loss: 0.1196567639708519
Epoch: 279, Loss: 0.11327314376831055
Epoch: 280, Loss: 0.10648895055055618
Epoch: 281, Loss: 0.09839782863855362
Epoch: 282, Loss: 0.09541414678096771
Epoch: 283, Loss: 0.09402450174093246
Epoch: 284, Loss: 0.09872057288885117
Epoch: 285, Loss: 0.09792689234018326
Epoch: 286, Loss: 0.09313835203647614
Epoch: 287, Loss: 0.1019001230597496
Epoch: 288, Loss: 0.09430626034736633
Epoch: 289, Loss: 0.09180863201618195
Epoch: 290, Loss: 0.0914871022105217
Epoch: 291, Loss: 0.09194117784500122
Epoch: 292, Loss: 0.0939604863524437
Epoch: 293, Loss: 0.09139404445886612
Epoch: 294, Loss: 0.09065663814544678
Epoch: 295, Loss: 0.08727378398180008
Epoch: 296, Loss: 0.08881165832281113
Epoch: 297, Loss: 0.08811995387077332
Epoch: 298, Loss: 0.09001590311527252
Epoch: 299, Loss: 0.09060060977935791
Epoch: 300, Loss: 0.0827735885977745
Epoch: 301, Loss: 0.07733667641878128
Epoch: 302, Loss: 0.07454953342676163
Epoch: 303, Loss: 0.07286526262760162
Epoch: 304, Loss: 0.0715976357460022
Epoch: 305, Loss: 0.07006599754095078
Epoch: 306, Loss: 0.06882297992706299
Epoch: 307, Loss: 0.06738324463367462
Epoch: 308, Loss: 0.06668087095022202
Epoch: 309, Loss: 0.06562413275241852
Epoch: 310, Loss: 0.06482964009046555
Epoch: 311, Loss: 0.06372469663619995
Epoch: 312, Loss: 0.06326691061258316
Epoch: 313, Loss: 0.062346912920475006
Epoch: 314, Loss: 0.06166442111134529
Epoch: 315, Loss: 0.06105932593345642
Epoch: 316, Loss: 0.05996308475732803
Epoch: 317, Loss: 0.05955367907881737
Epoch: 318, Loss: 0.058974411338567734
Epoch: 319, Loss: 0.058480944484472275
Epoch: 320, Loss: 0.05798047035932541
Epoch: 321, Loss: 0.057570621371269226
Epoch: 322, Loss: 0.0568571574985981
Epoch: 323, Loss: 0.05621585249900818
Epoch: 324, Loss: 0.05583874136209488
Epoch: 325, Loss: 0.05547080188989639
Epoch: 326, Loss: 0.055478017777204514
Epoch: 327, Loss: 0.054731275886297226
Epoch: 328, Loss: 0.054404765367507935
Epoch: 329, Loss: 0.05364987999200821
Epoch: 330, Loss: 0.053464312106370926
Epoch: 331, Loss: 0.05336198955774307
Epoch: 332, Loss: 0.05283251032233238
Epoch: 333, Loss: 0.05248597264289856
Epoch: 334, Loss: 0.05249536409974098
Epoch: 335, Loss: 0.051822829991579056
Epoch: 336, Loss: 0.0516553670167923
Epoch: 337, Loss: 0.05153791606426239
Epoch: 338, Loss: 0.05113315209746361
Epoch: 339, Loss: 0.0510648675262928
Epoch: 340, Loss: 0.050992172211408615
Epoch: 341, Loss: 0.05065825954079628
Epoch: 342, Loss: 0.05011811852455139
Epoch: 343, Loss: 0.05012575164437294
Epoch: 344, Loss: 0.049788862466812134
Epoch: 345, Loss: 0.049561019986867905
Epoch: 346, Loss: 0.049531642347574234
Epoch: 347, Loss: 0.04906407371163368
Epoch: 348, Loss: 0.048966776579618454
Epoch: 349, Loss: 0.04900113865733147
Epoch: 350, Loss: 0.04873161390423775
Epoch: 351, Loss: 0.04873179271817207
Epoch: 352, Loss: 0.04847518354654312
Epoch: 353, Loss: 0.04834954813122749
Epoch: 354, Loss: 0.04825326427817345
Epoch: 355, Loss: 0.04803038761019707
Epoch: 356, Loss: 0.04796178638935089
Epoch: 357, Loss: 0.04779667407274246
Epoch: 358, Loss: 0.04783768951892853
Epoch: 359, Loss: 0.04798329994082451
Epoch: 360, Loss: 0.047292180359363556
Epoch: 361, Loss: 0.11494021862745285
Epoch: 362, Loss: 0.07923366874456406
Epoch: 363, Loss: 0.06987125426530838
Epoch: 364, Loss: 0.06520877778530121
Epoch: 365, Loss: 0.06256940960884094
Epoch: 366, Loss: 0.060500942170619965
Epoch: 367, Loss: 0.058274656534194946
Epoch: 368, Loss: 0.056669432669878006
Epoch: 369, Loss: 0.05572902411222458
Epoch: 370, Loss: 0.05452273041009903
Epoch: 371, Loss: 0.053853534162044525
Epoch: 372, Loss: 0.05309835448861122
Epoch: 373, Loss: 0.05234916880726814
Epoch: 374, Loss: 0.05183113366365433
Epoch: 375, Loss: 0.05110696703195572
Epoch: 376, Loss: 0.05129419267177582
Epoch: 377, Loss: 0.05060113966464996
Epoch: 378, Loss: 0.05017087981104851
Epoch: 379, Loss: 0.05004233494400978
Epoch: 380, Loss: 0.04981374368071556
Epoch: 381, Loss: 0.049596402794122696
Epoch: 382, Loss: 0.049159061163663864
Epoch: 383, Loss: 0.04891540855169296
Epoch: 384, Loss: 0.04856983944773674
Epoch: 385, Loss: 0.04835554212331772
Epoch: 386, Loss: 0.04797707125544548
Epoch: 387, Loss: 0.04805602505803108
Epoch: 388, Loss: 0.047805070877075195
Epoch: 389, Loss: 0.047731999307870865
Epoch: 390, Loss: 0.04745229706168175
Epoch: 391, Loss: 0.04725329950451851
Epoch: 392, Loss: 0.047021426260471344
Epoch: 393, Loss: 0.0470990426838398
Epoch: 394, Loss: 0.04673362523317337
Epoch: 395, Loss: 0.04665274918079376
Epoch: 396, Loss: 0.04646221548318863
Epoch: 397, Loss: 0.04634866490960121
Epoch: 398, Loss: 0.04621605575084686
Epoch: 399, Loss: 0.045922860503196716
Epoch: 400, Loss: 0.045668330043554306
Epoch: 401, Loss: 0.04586014524102211
Epoch: 402, Loss: 0.045532871037721634
Epoch: 403, Loss: 0.045859646052122116
Epoch: 404, Loss: 0.04553830996155739
Epoch: 405, Loss: 0.04515903443098068
Epoch: 406, Loss: 0.04518017917871475
Epoch: 407, Loss: 0.048402462154626846
Epoch: 408, Loss: 0.05868789181113243
Epoch: 409, Loss: 0.12485401332378387
Epoch: 410, Loss: 0.08791495859622955
Epoch: 411, Loss: 0.0746123269200325
Epoch: 412, Loss: 0.06793264299631119
Epoch: 413, Loss: 0.06343875080347061
Epoch: 414, Loss: 0.0614972859621048
Epoch: 415, Loss: 0.058527037501335144
Epoch: 416, Loss: 0.05721099302172661
Epoch: 417, Loss: 0.05551982671022415
Epoch: 418, Loss: 0.05465572699904442
Epoch: 419, Loss: 0.05362468212842941
Epoch: 420, Loss: 0.052451036870479584
Epoch: 421, Loss: 0.05165410041809082
Epoch: 422, Loss: 0.051110249012708664
Epoch: 423, Loss: 0.05088883265852928
Epoch: 424, Loss: 0.04998571053147316
Epoch: 425, Loss: 0.04975183308124542
Epoch: 426, Loss: 0.0494750440120697
Epoch: 427, Loss: 0.04879192262887955
Epoch: 428, Loss: 0.048407770693302155
Epoch: 429, Loss: 0.04803881794214249
Epoch: 430, Loss: 0.047739721834659576
Epoch: 431, Loss: 0.047345034778118134
Epoch: 432, Loss: 0.047551464289426804
Epoch: 433, Loss: 0.046760719269514084
Epoch: 434, Loss: 0.04659523814916611
Epoch: 435, Loss: 0.04654266685247421
Epoch: 436, Loss: 0.046369876712560654
Epoch: 437, Loss: 0.04609731584787369
Epoch: 438, Loss: 0.04614539444446564
Epoch: 439, Loss: 0.04614770784974098
Epoch: 440, Loss: 0.045773666352033615
Epoch: 441, Loss: 0.045669253915548325
Epoch: 442, Loss: 0.045453283935785294
Epoch: 443, Loss: 0.045394960790872574
Epoch: 444, Loss: 0.04505351558327675
Epoch: 445, Loss: 0.04486395791172981
Epoch: 446, Loss: 0.04480114206671715
Epoch: 447, Loss: 0.04448480159044266
Epoch: 448, Loss: 0.044526077806949615
Epoch: 449, Loss: 0.04426475986838341
Epoch: 450, Loss: 0.044098615646362305
Epoch: 451, Loss: 0.044055644422769547
Epoch: 452, Loss: 0.04387541860342026
Epoch: 453, Loss: 0.043983038514852524
Epoch: 0, Loss: 0.48086026310920715
Epoch: 1, Loss: 0.40175366401672363
Epoch: 2, Loss: 0.3042996823787689
Epoch: 3, Loss: 0.24819974601268768
Epoch: 4, Loss: 0.22095510363578796
Epoch: 5, Loss: 0.20908555388450623
Epoch: 6, Loss: 0.20084825158119202
Epoch: 7, Loss: 0.19690699875354767
Epoch: 8, Loss: 0.1898987889289856
Epoch: 9, Loss: 0.18541096150875092
Epoch: 10, Loss: 0.18147671222686768
Epoch: 11, Loss: 0.17835786938667297
Epoch: 12, Loss: 0.17446264624595642
Epoch: 13, Loss: 0.17170661687850952
Epoch: 14, Loss: 0.1718611717224121
Epoch: 15, Loss: 0.16871590912342072
Epoch: 16, Loss: 0.16595768928527832
Epoch: 17, Loss: 0.16566893458366394
Epoch: 18, Loss: 0.16251584887504578
Epoch: 19, Loss: 0.16269002854824066
Epoch: 20, Loss: 0.15931570529937744
Epoch: 21, Loss: 0.15792450308799744
Epoch: 22, Loss: 0.15565000474452972
Epoch: 23, Loss: 0.1530456691980362
Epoch: 24, Loss: 0.1547185480594635
Epoch: 25, Loss: 0.15183860063552856
Epoch: 26, Loss: 0.15210294723510742
Epoch: 27, Loss: 0.15106716752052307
Epoch: 28, Loss: 0.15381206572055817
Epoch: 29, Loss: 0.14942896366119385
Epoch: 30, Loss: 0.14548157155513763
Epoch: 31, Loss: 0.14801648259162903
Epoch: 32, Loss: 0.14949479699134827
Epoch: 33, Loss: 0.14433574676513672
Epoch: 34, Loss: 0.1449538618326187
Epoch: 35, Loss: 0.14691483974456787
Epoch: 36, Loss: 0.14184170961380005
Epoch: 37, Loss: 0.14237192273139954
Epoch: 38, Loss: 0.13833749294281006
Epoch: 39, Loss: 0.14916294813156128
Epoch: 40, Loss: 0.1405709981918335
Epoch: 41, Loss: 0.1379069834947586
Epoch: 42, Loss: 0.14283297955989838
Epoch: 43, Loss: 0.13809047639369965
Epoch: 44, Loss: 0.13504447042942047
Epoch: 45, Loss: 0.13564030826091766
Epoch: 46, Loss: 0.13651911914348602
Epoch: 47, Loss: 0.13489370048046112
Epoch: 48, Loss: 0.12927784025669098
Epoch: 49, Loss: 0.13607770204544067
Epoch: 50, Loss: 0.13363713026046753
Epoch: 51, Loss: 0.1371425837278366
Epoch: 52, Loss: 0.13634900748729706
Epoch: 53, Loss: 0.13554859161376953
Epoch: 54, Loss: 0.12954510748386383
Epoch: 55, Loss: 0.1294170469045639
Epoch: 56, Loss: 0.13039515912532806
Epoch: 57, Loss: 0.12737604975700378
Epoch: 58, Loss: 0.12865996360778809
Epoch: 59, Loss: 0.1320870965719223
Epoch: 60, Loss: 0.13821512460708618
Epoch: 61, Loss: 0.13075929880142212
Epoch: 62, Loss: 0.12845347821712494
Epoch: 63, Loss: 0.13401871919631958
Epoch: 64, Loss: 0.12910737097263336
Epoch: 65, Loss: 0.12509579956531525
Epoch: 66, Loss: 0.13348428905010223
Epoch: 67, Loss: 0.12673348188400269
Epoch: 68, Loss: 0.12847580015659332
Epoch: 69, Loss: 0.13172806799411774
Epoch: 70, Loss: 0.1268535703420639
Epoch: 71, Loss: 0.12303213030099869
Epoch: 72, Loss: 0.12316574901342392
Epoch: 73, Loss: 0.13157089054584503
Epoch: 74, Loss: 0.12871533632278442
Epoch: 75, Loss: 0.12211036682128906
Epoch: 76, Loss: 0.12408863753080368
Epoch: 77, Loss: 0.13257315754890442
Epoch: 78, Loss: 0.12426154315471649
Epoch: 79, Loss: 0.1297396421432495
Epoch: 80, Loss: 0.12069821357727051
Epoch: 81, Loss: 0.11984901875257492
Epoch: 82, Loss: 0.12372767925262451
Epoch: 83, Loss: 0.12392943352460861
Epoch: 84, Loss: 0.11956600099802017
Epoch: 85, Loss: 0.11660575866699219
Epoch: 86, Loss: 0.12162938714027405
Epoch: 87, Loss: 0.12015338242053986
Epoch: 88, Loss: 0.12000622600317001
Epoch: 89, Loss: 0.11946474015712738
Epoch: 90, Loss: 0.11900635808706284
Epoch: 91, Loss: 0.1213989183306694
Epoch: 92, Loss: 0.12955768406391144
Epoch: 93, Loss: 0.13245652616024017
Epoch: 94, Loss: 0.1229778602719307
Epoch: 95, Loss: 0.12400004267692566
Epoch: 96, Loss: 0.12536706030368805
Epoch: 97, Loss: 0.11773540079593658
Epoch: 98, Loss: 0.11608641594648361
Epoch: 99, Loss: 0.1152411699295044
Epoch: 100, Loss: 0.11307400465011597
Epoch: 101, Loss: 0.11340051144361496
Epoch: 102, Loss: 0.11233188211917877
Epoch: 103, Loss: 0.11909810453653336
Epoch: 104, Loss: 0.1190071851015091
Epoch: 105, Loss: 0.1194617748260498
Epoch: 106, Loss: 0.1192406415939331
Epoch: 107, Loss: 0.11956705898046494
Epoch: 108, Loss: 0.1413036435842514
Epoch: 109, Loss: 0.12895911931991577
Epoch: 110, Loss: 0.13160325586795807
Epoch: 111, Loss: 0.12686903774738312
Epoch: 112, Loss: 0.1271146684885025
Epoch: 113, Loss: 0.12552690505981445
Epoch: 114, Loss: 0.12866564095020294
Epoch: 115, Loss: 0.11883838474750519
Epoch: 116, Loss: 0.11796355247497559
Epoch: 117, Loss: 0.11258848756551743
Epoch: 118, Loss: 0.1137642040848732
Epoch: 119, Loss: 0.11143703013658524
Epoch: 120, Loss: 0.11264820396900177
Epoch: 121, Loss: 0.1098841056227684
Epoch: 122, Loss: 0.10739493370056152
Epoch: 123, Loss: 0.10841155052185059
Epoch: 124, Loss: 0.10453973710536957
Epoch: 125, Loss: 0.10815005749464035
Epoch: 126, Loss: 0.10846254974603653
Epoch: 127, Loss: 0.10677716135978699
Epoch: 128, Loss: 0.10269248485565186
Epoch: 129, Loss: 0.10512598603963852
Epoch: 130, Loss: 0.10976225137710571
Epoch: 131, Loss: 0.12270510196685791
Epoch: 132, Loss: 0.13407278060913086
Epoch: 133, Loss: 0.12385503202676773
Epoch: 134, Loss: 0.13727985322475433
Epoch: 135, Loss: 0.12844184041023254
Epoch: 136, Loss: 0.12311527878046036
Epoch: 137, Loss: 0.12046674638986588
Epoch: 138, Loss: 0.11765644699335098
Epoch: 139, Loss: 0.11606841534376144
Epoch: 140, Loss: 0.11691518127918243
Epoch: 141, Loss: 0.11548556387424469
Epoch: 142, Loss: 0.11102859675884247
Epoch: 143, Loss: 0.10765262693166733
Epoch: 144, Loss: 0.10727853327989578
Epoch: 145, Loss: 0.11351980268955231
Epoch: 146, Loss: 0.1055334061384201
Epoch: 147, Loss: 0.10773312300443649
Epoch: 148, Loss: 0.10839811712503433
Epoch: 149, Loss: 0.1042669489979744
Epoch: 150, Loss: 0.10460396856069565
Epoch: 151, Loss: 0.1062697097659111
Epoch: 152, Loss: 0.10526179522275925
Epoch: 153, Loss: 0.10348565876483917
Epoch: 154, Loss: 0.10494653135538101
Epoch: 155, Loss: 0.1035633385181427
Epoch: 156, Loss: 0.10501747578382492
Epoch: 157, Loss: 0.1092209592461586
Epoch: 158, Loss: 0.11413149535655975
Epoch: 159, Loss: 0.11171676963567734
Epoch: 160, Loss: 0.11970869451761246
Epoch: 161, Loss: 0.12091980129480362
Epoch: 162, Loss: 0.11936219781637192
Epoch: 163, Loss: 0.11726348102092743
Epoch: 164, Loss: 0.1195402592420578
Epoch: 165, Loss: 0.1161918193101883
Epoch: 166, Loss: 0.11698104441165924
Epoch: 167, Loss: 0.11659099161624908
Epoch: 168, Loss: 0.10968764126300812
Epoch: 169, Loss: 0.10831101983785629
Epoch: 170, Loss: 0.10518721491098404
Epoch: 171, Loss: 0.1079254224896431
Epoch: 172, Loss: 0.11032350361347198
Epoch: 173, Loss: 0.10549744963645935
Epoch: 174, Loss: 0.1049116998910904
Epoch: 175, Loss: 0.11044061928987503
Epoch: 176, Loss: 0.11615289747714996
Epoch: 177, Loss: 0.11559388786554337
Epoch: 178, Loss: 0.11515387147665024
Epoch: 179, Loss: 0.11631087213754654
Epoch: 180, Loss: 0.11742407083511353
Epoch: 181, Loss: 0.11079887300729752
Epoch: 182, Loss: 0.11203546077013016
Epoch: 183, Loss: 0.11182218790054321
Epoch: 184, Loss: 0.10921110957860947
Epoch: 185, Loss: 0.10682924091815948
Epoch: 186, Loss: 0.11291388422250748
Epoch: 187, Loss: 0.10730604082345963
Epoch: 188, Loss: 0.10120061039924622
Epoch: 189, Loss: 0.10316285490989685
Epoch: 190, Loss: 0.10383936762809753
Epoch: 191, Loss: 0.09811074286699295
Epoch: 192, Loss: 0.09564832597970963
Epoch: 193, Loss: 0.09486790746450424
Epoch: 194, Loss: 0.10823597759008408
Epoch: 195, Loss: 0.1234196275472641
Epoch: 196, Loss: 0.12571266293525696
Epoch: 197, Loss: 0.11998666822910309
Epoch: 198, Loss: 0.1121520921587944
Epoch: 199, Loss: 0.10971558094024658
Epoch: 200, Loss: 0.11600659042596817
Epoch: 201, Loss: 0.11146628856658936
Epoch: 202, Loss: 0.1049550324678421
Epoch: 203, Loss: 0.1001046672463417
Epoch: 204, Loss: 0.10128072649240494
Epoch: 205, Loss: 0.10000363737344742
Epoch: 206, Loss: 0.0979137048125267
Epoch: 207, Loss: 0.09526802599430084
Epoch: 208, Loss: 0.09204050898551941
Epoch: 209, Loss: 0.09210509061813354
Epoch: 210, Loss: 0.08915089815855026
Epoch: 211, Loss: 0.08843023329973221
Epoch: 212, Loss: 0.08737978339195251
Epoch: 213, Loss: 0.08644750714302063
Epoch: 214, Loss: 0.08722848445177078
Epoch: 215, Loss: 0.09072763472795486
Epoch: 216, Loss: 0.10207188129425049
Epoch: 217, Loss: 0.12876315414905548
Epoch: 218, Loss: 0.14319775998592377
Epoch: 219, Loss: 0.12642677128314972
Epoch: 220, Loss: 0.1189698576927185
Epoch: 221, Loss: 0.1244913786649704
Epoch: 222, Loss: 0.12034342437982559
Epoch: 223, Loss: 0.11495057493448257
Epoch: 224, Loss: 0.10964638739824295
Epoch: 225, Loss: 0.10618767887353897
Epoch: 226, Loss: 0.10080256313085556
Epoch: 227, Loss: 0.10242931544780731
Epoch: 228, Loss: 0.10144644975662231
Epoch: 229, Loss: 0.10119731724262238
Epoch: 230, Loss: 0.11573681235313416
Epoch: 231, Loss: 0.11120918393135071
Epoch: 232, Loss: 0.11633697897195816
Epoch: 233, Loss: 0.10666199773550034
Epoch: 234, Loss: 0.10696674138307571
Epoch: 235, Loss: 0.10018551349639893
Epoch: 236, Loss: 0.10369446128606796
Epoch: 237, Loss: 0.10466225445270538
Epoch: 238, Loss: 0.1141965240240097
Epoch: 239, Loss: 0.10528528690338135
Epoch: 240, Loss: 0.11155719310045242
Epoch: 241, Loss: 0.1118248850107193
Epoch: 242, Loss: 0.10416202247142792
Epoch: 243, Loss: 0.10049137473106384
Epoch: 244, Loss: 0.09783005714416504
Epoch: 245, Loss: 0.09538743644952774
Epoch: 246, Loss: 0.09488216787576675
Epoch: 247, Loss: 0.09218849986791611
Epoch: 248, Loss: 0.09459400922060013
Epoch: 249, Loss: 0.09107282757759094
Epoch: 250, Loss: 0.0927831158041954
Epoch: 251, Loss: 0.09082389622926712
Epoch: 252, Loss: 0.09294280409812927
Epoch: 253, Loss: 0.10681892186403275
Epoch: 254, Loss: 0.12710094451904297
Epoch: 255, Loss: 0.13984183967113495
Epoch: 256, Loss: 0.11775301396846771
Epoch: 257, Loss: 0.11532878130674362
Epoch: 258, Loss: 0.11007146537303925
Epoch: 259, Loss: 0.10520560294389725
Epoch: 260, Loss: 0.10263493657112122
Epoch: 261, Loss: 0.09971753507852554
Epoch: 262, Loss: 0.1105354055762291
Epoch: 263, Loss: 0.10583073645830154
Epoch: 264, Loss: 0.0975823923945427
Epoch: 265, Loss: 0.09457716345787048
Epoch: 266, Loss: 0.0949343740940094
Epoch: 267, Loss: 0.09256132692098618
Epoch: 268, Loss: 0.09263633191585541
Epoch: 269, Loss: 0.09778863191604614
Epoch: 270, Loss: 0.09402478486299515
Epoch: 271, Loss: 0.09045461565256119
Epoch: 272, Loss: 0.08948680758476257
Epoch: 273, Loss: 0.08690772950649261
Epoch: 274, Loss: 0.08798030018806458
Epoch: 275, Loss: 0.11733769625425339
Epoch: 276, Loss: 0.12717540562152863
Epoch: 277, Loss: 0.1164105013012886
Epoch: 278, Loss: 0.11696267127990723
Epoch: 279, Loss: 0.1311522275209427
Epoch: 280, Loss: 0.11740756779909134
Epoch: 281, Loss: 0.10772118717432022
Epoch: 282, Loss: 0.11916054785251617
Epoch: 283, Loss: 0.11187545955181122
Epoch: 284, Loss: 0.11249206960201263
Epoch: 285, Loss: 0.1068648248910904
Epoch: 286, Loss: 0.11049117892980576
Epoch: 287, Loss: 0.1006331592798233
Epoch: 288, Loss: 0.10185012966394424
Epoch: 289, Loss: 0.10172436386346817
Epoch: 290, Loss: 0.09920171648263931
Epoch: 291, Loss: 0.09481964260339737
Epoch: 292, Loss: 0.0901392251253128
Epoch: 293, Loss: 0.09089332073926926
Epoch: 294, Loss: 0.08909769356250763
Epoch: 295, Loss: 0.08870160579681396
Epoch: 296, Loss: 0.08751890808343887
Epoch: 297, Loss: 0.08779387921094894
Epoch: 298, Loss: 0.08689892292022705
Epoch: 299, Loss: 0.08428315073251724
Epoch: 300, Loss: 0.07970286905765533
Epoch: 301, Loss: 0.07488091289997101
Epoch: 302, Loss: 0.0731767937541008
Epoch: 303, Loss: 0.07175914943218231
Epoch: 304, Loss: 0.0700182095170021
Epoch: 305, Loss: 0.06897228211164474
Epoch: 306, Loss: 0.0679820254445076
Epoch: 307, Loss: 0.06705624610185623
Epoch: 308, Loss: 0.06608706712722778
Epoch: 309, Loss: 0.06528905034065247
Epoch: 310, Loss: 0.06476196646690369
Epoch: 311, Loss: 0.06373532861471176
Epoch: 312, Loss: 0.06337346881628036
Epoch: 313, Loss: 0.062330637127161026
Epoch: 314, Loss: 0.06159350648522377
Epoch: 315, Loss: 0.061020463705062866
Epoch: 316, Loss: 0.06051299348473549
Epoch: 317, Loss: 0.059799931943416595
Epoch: 318, Loss: 0.05921803414821625
Epoch: 319, Loss: 0.05874796584248543
Epoch: 320, Loss: 0.058041296899318695
Epoch: 321, Loss: 0.05738421902060509
Epoch: 322, Loss: 0.05700409412384033
Epoch: 323, Loss: 0.056556180119514465
Epoch: 324, Loss: 0.05619637668132782
Epoch: 325, Loss: 0.05573442578315735
Epoch: 326, Loss: 0.05532314255833626
Epoch: 327, Loss: 0.055026330053806305
Epoch: 328, Loss: 0.05440691113471985
Epoch: 329, Loss: 0.05426180362701416
Epoch: 330, Loss: 0.05408894643187523
Epoch: 331, Loss: 0.0535745844244957
Epoch: 332, Loss: 0.053023241460323334
Epoch: 333, Loss: 0.052888937294483185
Epoch: 334, Loss: 0.052533939480781555
Epoch: 335, Loss: 0.052191656082868576
Epoch: 336, Loss: 0.05223483964800835
Epoch: 337, Loss: 0.051949288696050644
Epoch: 338, Loss: 0.05178910866379738
Epoch: 339, Loss: 0.051261935383081436
Epoch: 340, Loss: 0.05129171907901764
Epoch: 341, Loss: 0.05079974606633186
Epoch: 342, Loss: 0.050788309425115585
Epoch: 343, Loss: 0.05077974498271942
Epoch: 344, Loss: 0.05038054287433624
Epoch: 345, Loss: 0.05026469752192497
Epoch: 346, Loss: 0.0499269999563694
Epoch: 347, Loss: 0.04977354034781456
Epoch: 348, Loss: 0.04950329661369324
Epoch: 349, Loss: 0.04950733110308647
Epoch: 350, Loss: 0.04950644075870514
Epoch: 351, Loss: 0.04905789718031883
Epoch: 352, Loss: 0.048883989453315735
Epoch: 353, Loss: 0.04874969273805618
Epoch: 354, Loss: 0.048509631305933
Epoch: 355, Loss: 0.0484255775809288
Epoch: 356, Loss: 0.048363130539655685
Epoch: 357, Loss: 0.048314325511455536
Epoch: 358, Loss: 0.04804961755871773
Epoch: 359, Loss: 0.0479067899286747
Epoch: 360, Loss: 0.04781952500343323
Epoch: 361, Loss: 0.04768138378858566
Epoch: 362, Loss: 0.04747640714049339
Epoch: 363, Loss: 0.047388385981321335
Epoch: 364, Loss: 0.04712659493088722
Epoch: 365, Loss: 0.0470125675201416
Epoch: 366, Loss: 0.04692807048559189
Epoch: 367, Loss: 0.04700096696615219
Epoch: 368, Loss: 0.04700508341193199
Epoch: 369, Loss: 0.04669563099741936
Epoch: 370, Loss: 0.04650050774216652
Epoch: 371, Loss: 0.04638812318444252
Epoch: 372, Loss: 0.046228714287281036
Epoch: 373, Loss: 0.0462929792702198
Epoch: 374, Loss: 0.046020470559597015
Epoch: 375, Loss: 0.04607715830206871
Epoch: 376, Loss: 0.04604070261120796
Epoch: 377, Loss: 0.045961521565914154
Epoch: 378, Loss: 0.04583914205431938
Epoch: 379, Loss: 0.04588841646909714
Epoch: 380, Loss: 0.04594014212489128
Epoch: 381, Loss: 0.04588539898395538
Epoch: 382, Loss: 0.045872222632169724
Epoch: 383, Loss: 0.04570449888706207
Epoch: 384, Loss: 0.04563383013010025
Epoch: 385, Loss: 0.045667536556720734
Epoch: 386, Loss: 0.04516672343015671
Epoch: 387, Loss: 0.04513336718082428
Epoch: 388, Loss: 0.044928018003702164
Epoch: 389, Loss: 0.045032814145088196
Epoch: 390, Loss: 0.04538962244987488
Epoch: 391, Loss: 0.045064907521009445
Epoch: 392, Loss: 0.04473254829645157
Epoch: 393, Loss: 0.04480591043829918
Epoch: 394, Loss: 0.04477093368768692
Epoch: 395, Loss: 0.04446778446435928
Epoch: 396, Loss: 0.044596463441848755
Epoch: 397, Loss: 0.04443248361349106
Epoch: 398, Loss: 0.04425477609038353
Epoch: 399, Loss: 0.044161681085824966
Epoch: 400, Loss: 0.044096559286117554
Epoch: 401, Loss: 0.044227998703718185
Epoch: 402, Loss: 0.0442054383456707
Epoch: 403, Loss: 0.044183388352394104
Epoch: 404, Loss: 0.043910831212997437
Epoch: 405, Loss: 0.044076915830373764
Epoch: 406, Loss: 0.044289618730545044
Epoch: 407, Loss: 0.04415232688188553
Epoch: 408, Loss: 0.043822042644023895
Epoch: 409, Loss: 0.04375484958291054
Epoch: 410, Loss: 0.044334013015031815
Epoch: 411, Loss: 0.044014088809490204
Epoch: 412, Loss: 0.04381025955080986
Epoch: 413, Loss: 0.04370493441820145
Epoch: 414, Loss: 0.043532468378543854
Epoch: 415, Loss: 0.043391015380620956
Epoch: 416, Loss: 0.04331785440444946
Epoch: 417, Loss: 0.04321884363889694
Epoch: 418, Loss: 0.0436626560986042
Epoch: 419, Loss: 0.04368935897946358
Epoch: 420, Loss: 0.043118059635162354
Epoch: 421, Loss: 0.043150559067726135
Epoch: 422, Loss: 0.04314185306429863
Epoch: 423, Loss: 0.04298701137304306
Epoch: 424, Loss: 0.042985931038856506
Epoch: 425, Loss: 0.04311763495206833
Epoch: 426, Loss: 0.04316718503832817
Epoch: 427, Loss: 0.0432308167219162
Epoch: 428, Loss: 0.04296965152025223
Epoch: 429, Loss: 0.042911265045404434
Epoch: 430, Loss: 0.04279062896966934
Epoch: 431, Loss: 0.04278898984193802
Epoch: 432, Loss: 0.04267171025276184
Epoch: 433, Loss: 0.04265659302473068
Epoch: 434, Loss: 0.04274654760956764
Epoch: 435, Loss: 0.04282466694712639
Epoch: 436, Loss: 0.04286620765924454
Epoch: 437, Loss: 0.04280095174908638
Epoch: 438, Loss: 0.04245613142848015
Epoch: 439, Loss: 0.04236726835370064
Epoch: 440, Loss: 0.04235246032476425
Epoch: 441, Loss: 0.04261263832449913
Epoch: 442, Loss: 0.04303883761167526
Epoch: 443, Loss: 0.042842864990234375
Epoch: 444, Loss: 0.04276212304830551
Epoch: 445, Loss: 0.04266921430826187
Epoch: 446, Loss: 0.04250461235642433
Epoch: 447, Loss: 0.04285150021314621
Epoch: 448, Loss: 0.04269329458475113
Epoch: 449, Loss: 0.04253586381673813
Epoch: 450, Loss: 0.04220741614699364
Epoch: 451, Loss: 0.04217686131596565
Epoch: 452, Loss: 0.042254962027072906
Epoch: 453, Loss: 0.04773687571287155
Epoch: 454, Loss: 0.043962813913822174
Epoch: 455, Loss: 0.04352281242609024
Epoch: 456, Loss: 0.043171659111976624
Epoch: 457, Loss: 0.04289395734667778
Epoch: 458, Loss: 0.04820949211716652
Epoch: 459, Loss: 0.045568592846393585
Epoch: 460, Loss: 0.04455167427659035
Epoch: 461, Loss: 0.04387674108147621
Epoch: 462, Loss: 0.043292269110679626
Epoch: 463, Loss: 0.0431114099919796
Epoch: 464, Loss: 0.04271232336759567
Epoch: 465, Loss: 0.042627964168787
Epoch: 466, Loss: 0.04225129634141922
Epoch: 467, Loss: 0.042084529995918274
Epoch: 468, Loss: 0.042129673063755035
Epoch: 469, Loss: 0.04198930412530899
Epoch: 470, Loss: 0.041993170976638794
Epoch: 471, Loss: 0.04182910546660423
Epoch: 472, Loss: 0.04178221896290779
Epoch: 473, Loss: 0.041843265295028687
Epoch: 474, Loss: 0.04192144051194191
Epoch: 475, Loss: 0.04164273291826248
Epoch: 476, Loss: 0.04148019477725029
Epoch: 477, Loss: 0.04166628420352936
Epoch: 478, Loss: 0.041581396013498306
Epoch: 479, Loss: 0.04179154708981514
Epoch: 480, Loss: 0.041387107223272324
Epoch: 481, Loss: 0.04130791872739792
Epoch: 482, Loss: 0.0414181724190712
Epoch: 483, Loss: 0.041495610028505325
Epoch: 484, Loss: 0.04153331369161606
Epoch: 485, Loss: 0.0415196530520916
Epoch: 486, Loss: 0.08032587915658951
Epoch: 487, Loss: 0.0707143023610115
Epoch: 488, Loss: 0.07732954621315002
Epoch: 489, Loss: 0.06983589380979538
Epoch: 490, Loss: 0.09610063582658768
Epoch: 491, Loss: 0.08794914186000824
Epoch: 492, Loss: 0.07348094135522842
Epoch: 493, Loss: 0.06667172163724899
Epoch: 494, Loss: 0.062011875212192535
Epoch: 495, Loss: 0.06214674934744835
Epoch: 496, Loss: 0.06185869872570038
Epoch: 497, Loss: 0.057968445122241974
Epoch: 498, Loss: 0.055428396910429
Epoch: 499, Loss: 0.054441340267658234
Epoch: 500, Loss: 0.05341934412717819
Epoch: 501, Loss: 0.05225154012441635
Epoch: 502, Loss: 0.05021505430340767
Epoch: 503, Loss: 0.049118246883153915
Epoch: 504, Loss: 0.04889071360230446
Epoch: 505, Loss: 0.048017337918281555
Epoch: 506, Loss: 0.047441333532333374
Epoch: 507, Loss: 0.04636971279978752
Epoch: 508, Loss: 0.04574263095855713
Epoch: 509, Loss: 0.045564133673906326
Epoch: 510, Loss: 0.04488706216216087
Epoch: 511, Loss: 0.044699106365442276
Epoch: 512, Loss: 0.044326119124889374
Epoch: 513, Loss: 0.044139277189970016
Epoch: 514, Loss: 0.044031139463186264
Epoch: 515, Loss: 0.04388327896595001
Epoch: 516, Loss: 0.04346585273742676
Epoch: 517, Loss: 0.04303872585296631
Epoch: 518, Loss: 0.04307379946112633
Epoch: 519, Loss: 0.043022625148296356
Epoch: 520, Loss: 0.04279661923646927
Epoch: 521, Loss: 0.04269375652074814
Epoch: 522, Loss: 0.042534779757261276
Epoch: 523, Loss: 0.04270815849304199
Epoch: 524, Loss: 0.04218415170907974
Epoch: 525, Loss: 0.04193839803338051
Epoch: 526, Loss: 0.04182383418083191
Epoch: 527, Loss: 0.04166557639837265
Epoch: 528, Loss: 0.04166647046804428
Epoch: 529, Loss: 0.041394587606191635
Epoch: 530, Loss: 0.04118219390511513
Epoch: 531, Loss: 0.04121723398566246
Epoch: 532, Loss: 0.04130203649401665
Epoch: 533, Loss: 0.041166193783283234
Epoch: 534, Loss: 0.04111173748970032
Epoch: 535, Loss: 0.04099546745419502
Epoch: 536, Loss: 0.04081670939922333
Epoch: 537, Loss: 0.04148793965578079
Epoch: 538, Loss: 0.041052184998989105
Epoch: 539, Loss: 0.040972791612148285
Epoch: 540, Loss: 0.04082949459552765
Epoch: 541, Loss: 0.04066304489970207
Epoch: 542, Loss: 0.04055294394493103
Epoch: 543, Loss: 0.04066630080342293
Epoch: 544, Loss: 0.04085364192724228
Epoch: 545, Loss: 0.0408504493534565
Epoch: 546, Loss: 0.040598124265670776
Epoch: 547, Loss: 0.04066765308380127
Epoch: 548, Loss: 0.04083435982465744
Epoch: 549, Loss: 0.04053704813122749
Epoch: 550, Loss: 0.040451616048812866
Epoch: 551, Loss: 0.04036211594939232
Epoch: 552, Loss: 0.040264613926410675
Epoch: 553, Loss: 0.03996174409985542
Epoch: 554, Loss: 0.040063660591840744
Epoch: 555, Loss: 0.03997242823243141
Epoch: 556, Loss: 0.0399794727563858
Epoch: 557, Loss: 0.05141235515475273
Epoch: 558, Loss: 0.06132706254720688
Epoch: 559, Loss: 0.054425258189439774
Epoch: 560, Loss: 0.04938195273280144
Epoch: 561, Loss: 0.04725002497434616
Epoch: 562, Loss: 0.045759785920381546
Epoch: 563, Loss: 0.0451250895857811
Epoch: 564, Loss: 0.04388830438256264
Epoch: 565, Loss: 0.04321611300110817
Epoch: 566, Loss: 0.042598724365234375
Epoch: 567, Loss: 0.04240966588258743
Epoch: 568, Loss: 0.04187120124697685
Epoch: 569, Loss: 0.0414033979177475
Epoch: 570, Loss: 0.04130880534648895
Epoch: 571, Loss: 0.04089684784412384
Epoch: 572, Loss: 0.040585875511169434
Epoch: 573, Loss: 0.0405726321041584
Epoch: 574, Loss: 0.04020021855831146
Epoch: 575, Loss: 0.04007766395807266
Epoch: 576, Loss: 0.03995601087808609
Epoch: 577, Loss: 0.03983282297849655
Epoch: 578, Loss: 0.03966911882162094
Epoch: 579, Loss: 0.039735227823257446
Epoch: 580, Loss: 0.039570167660713196
Epoch: 581, Loss: 0.03972329571843147
Epoch: 582, Loss: 0.0394124798476696
Epoch: 583, Loss: 0.03954922407865524
Epoch: 584, Loss: 0.039410706609487534
Epoch: 585, Loss: 0.03931200131773949
Epoch: 586, Loss: 0.03904188796877861
Epoch: 587, Loss: 0.03927817940711975
Epoch: 588, Loss: 0.03900997340679169
Epoch: 589, Loss: 0.03906187415122986
Epoch: 590, Loss: 0.038871318101882935
Epoch: 591, Loss: 0.03919965773820877
Epoch: 592, Loss: 0.03896227851510048
Epoch: 593, Loss: 0.03878186643123627
Epoch: 594, Loss: 0.038739800453186035
Epoch: 595, Loss: 0.03880301117897034
Epoch: 596, Loss: 0.038694314658641815
Epoch: 597, Loss: 0.03890031576156616
Epoch: 598, Loss: 0.0394371934235096
Epoch: 599, Loss: 0.039157889783382416
Epoch: 600, Loss: 0.03720679134130478
Epoch: 601, Loss: 0.03566789999604225
Epoch: 602, Loss: 0.03464760258793831
Epoch: 603, Loss: 0.033972520381212234
Epoch: 604, Loss: 0.0333627425134182
Epoch: 605, Loss: 0.032945990562438965
Epoch: 606, Loss: 0.03249445930123329
Epoch: 607, Loss: 0.03223785012960434
Epoch: 608, Loss: 0.03195285424590111
Epoch: 609, Loss: 0.03168072924017906
Epoch: 610, Loss: 0.03146889805793762
Epoch: 611, Loss: 0.03127175197005272
Epoch: 612, Loss: 0.03106793761253357
Epoch: 613, Loss: 0.03095422498881817
Epoch: 614, Loss: 0.030727829784154892
Epoch: 615, Loss: 0.030543770641088486
Epoch: 616, Loss: 0.030410662293434143
Epoch: 617, Loss: 0.030339429154992104
Epoch: 618, Loss: 0.030218757688999176
Epoch: 619, Loss: 0.030119558796286583
Epoch: 620, Loss: 0.029973609372973442
Epoch: 621, Loss: 0.02988933026790619
Epoch: 622, Loss: 0.02982192300260067
Epoch: 623, Loss: 0.029692377895116806
Epoch: 624, Loss: 0.029595116153359413
Epoch: 625, Loss: 0.029627477750182152
Epoch: 626, Loss: 0.02954985201358795
Epoch: 627, Loss: 0.029410628601908684
Epoch: 628, Loss: 0.029377136379480362
Epoch: 629, Loss: 0.029344098642468452
Epoch: 630, Loss: 0.029242822900414467
Epoch: 631, Loss: 0.029216408729553223
Epoch: 632, Loss: 0.029045257717370987
Epoch: 633, Loss: 0.02901380881667137
Epoch: 634, Loss: 0.028944047167897224
Epoch: 635, Loss: 0.02892671711742878
Epoch: 636, Loss: 0.028853442519903183
Epoch: 637, Loss: 0.02884020283818245
Epoch: 638, Loss: 0.02878246270120144
Epoch: 639, Loss: 0.028731945902109146
Epoch: 640, Loss: 0.0286836139857769
Epoch: 641, Loss: 0.028637908399105072
Epoch: 642, Loss: 0.028547916561365128
Epoch: 643, Loss: 0.028530115261673927
Epoch: 644, Loss: 0.02856547012925148
Epoch: 645, Loss: 0.028513086959719658
Epoch: 646, Loss: 0.028485575690865517
Epoch: 647, Loss: 0.02841504104435444
Epoch: 648, Loss: 0.02833455801010132
Epoch: 649, Loss: 0.02834104560315609
Epoch: 650, Loss: 0.028250090777873993
Epoch: 651, Loss: 0.028248654678463936
Epoch: 652, Loss: 0.028189972043037415
Epoch: 653, Loss: 0.028248906135559082
Epoch: 654, Loss: 0.028119273483753204
Epoch: 655, Loss: 0.02807573787868023
Epoch: 656, Loss: 0.028091415762901306
Epoch: 657, Loss: 0.028075994923710823
Epoch: 658, Loss: 0.02810496836900711
Epoch: 659, Loss: 0.02810092642903328
Epoch: 660, Loss: 0.027996759861707687
Epoch: 661, Loss: 0.027960173785686493
Epoch: 662, Loss: 0.027900969609618187
Epoch: 663, Loss: 0.027857691049575806
Epoch: 664, Loss: 0.027760976925492287
Epoch: 665, Loss: 0.027816010639071465
Epoch: 666, Loss: 0.02786458656191826
Epoch: 667, Loss: 0.027706218883395195
Epoch: 668, Loss: 0.027710242196917534
Epoch: 669, Loss: 0.027915241196751595
Epoch: 670, Loss: 0.027610210701823235
Epoch: 671, Loss: 0.02767801471054554
Epoch: 672, Loss: 0.027603458613157272
Epoch: 673, Loss: 0.027600936591625214
Epoch: 674, Loss: 0.027604496106505394
Epoch: 675, Loss: 0.027506237849593163
Epoch: 676, Loss: 0.027459217235445976
Epoch: 677, Loss: 0.027473514899611473
Epoch: 678, Loss: 0.02742655947804451
Epoch: 679, Loss: 0.027438363060355186
Epoch: 680, Loss: 0.027409544214606285
Epoch: 681, Loss: 0.027324996888637543
Epoch: 682, Loss: 0.02730613946914673
Epoch: 683, Loss: 0.027288824319839478
Epoch: 684, Loss: 0.027253471314907074
Epoch: 685, Loss: 0.027241159230470657
Epoch: 686, Loss: 0.02726961486041546
Epoch: 687, Loss: 0.027177657932043076
Epoch: 688, Loss: 0.027186695486307144
Epoch: 689, Loss: 0.027162889018654823
Epoch: 690, Loss: 0.02713749185204506
Epoch: 691, Loss: 0.027404803782701492
Epoch: 692, Loss: 0.028557173907756805
Epoch: 693, Loss: 0.027481796219944954
Epoch: 694, Loss: 0.027298476547002792
Epoch: 695, Loss: 0.02713790163397789
Epoch: 696, Loss: 0.02713228389620781
Epoch: 697, Loss: 0.027062062174081802
Epoch: 698, Loss: 0.027018027380108833
Epoch: 699, Loss: 0.02698751725256443
Epoch: 700, Loss: 0.027031205594539642
Epoch: 701, Loss: 0.026907874271273613
Epoch: 702, Loss: 0.026964833959937096
Epoch: 703, Loss: 0.026956580579280853
Epoch: 704, Loss: 0.026881994679570198
Epoch: 705, Loss: 0.0268718171864748
Epoch: 706, Loss: 0.02680964395403862
Epoch: 707, Loss: 0.026871541514992714
Epoch: 708, Loss: 0.02692742459475994
Epoch: 709, Loss: 0.026825454086065292
Epoch: 710, Loss: 0.026710834354162216
Epoch: 711, Loss: 0.026788119226694107
Epoch: 712, Loss: 0.02672945335507393
Epoch: 713, Loss: 0.02677595615386963
Epoch: 714, Loss: 0.026664255186915398
Epoch: 715, Loss: 0.026666441932320595
Epoch: 716, Loss: 0.026590339839458466
Epoch: 717, Loss: 0.026563916355371475
Epoch: 718, Loss: 0.026613423600792885
Epoch: 719, Loss: 0.02651219628751278
Epoch: 720, Loss: 0.02658241055905819
Epoch: 721, Loss: 0.026514051482081413
Epoch: 722, Loss: 0.02653961069881916
Epoch: 723, Loss: 0.026508228853344917
Epoch: 724, Loss: 0.02640911564230919
Epoch: 725, Loss: 0.02645260840654373
Epoch: 726, Loss: 0.02650107629597187
Epoch: 727, Loss: 0.026401162147521973
Epoch: 728, Loss: 0.02633940801024437
Epoch: 729, Loss: 0.026379210874438286
Epoch: 730, Loss: 0.02628321759402752
Epoch: 731, Loss: 0.026301810517907143
Epoch: 732, Loss: 0.026344984769821167
Epoch: 733, Loss: 0.02634885534644127
Epoch: 734, Loss: 0.026192747056484222
Epoch: 735, Loss: 0.026223959401249886
Epoch: 736, Loss: 0.026235824450850487
Epoch: 737, Loss: 0.02627580426633358
Epoch: 738, Loss: 0.026189688593149185
Epoch: 739, Loss: 0.02612677402794361
Epoch: 740, Loss: 0.026136381551623344
Epoch: 741, Loss: 0.026082538068294525
Epoch: 742, Loss: 0.026116814464330673
Epoch: 743, Loss: 0.02605554647743702
Epoch: 744, Loss: 0.026071671396493912
Epoch: 745, Loss: 0.026063814759254456
Epoch: 746, Loss: 0.026071013882756233
Epoch: 747, Loss: 0.026028510183095932
Epoch: 748, Loss: 0.026028230786323547
Epoch: 749, Loss: 0.026109373196959496
Epoch: 750, Loss: 0.025996919721364975
Epoch: 751, Loss: 0.02604619227349758
Epoch: 752, Loss: 0.02598642185330391
Epoch: 753, Loss: 0.025941018015146255
Epoch: 754, Loss: 0.025989893823862076
Epoch: 755, Loss: 0.025966627523303032
Epoch: 756, Loss: 0.02587101235985756
Epoch: 757, Loss: 0.02581912651658058
Epoch: 758, Loss: 0.02589416317641735
Epoch: 759, Loss: 0.02588522620499134
Epoch: 760, Loss: 0.0413161925971508
Epoch: 761, Loss: 0.031737297773361206
Epoch: 762, Loss: 0.029873482882976532
Epoch: 763, Loss: 0.028847571462392807
Epoch: 764, Loss: 0.028223561123013496
Epoch: 765, Loss: 0.027743320912122726
Epoch: 766, Loss: 0.027480851858854294
Epoch: 767, Loss: 0.027248254045844078
Epoch: 768, Loss: 0.027068156749010086
Epoch: 769, Loss: 0.02701042965054512
Epoch: 770, Loss: 0.026806820183992386
Epoch: 771, Loss: 0.026629867032170296
Epoch: 772, Loss: 0.0265659149736166
Epoch: 773, Loss: 0.026518862694501877
Epoch: 774, Loss: 0.026477739214897156
Epoch: 775, Loss: 0.026404064148664474
Epoch: 776, Loss: 0.026356762275099754
Epoch: 777, Loss: 0.026245342567563057
Epoch: 778, Loss: 0.026219528168439865
Epoch: 779, Loss: 0.026196874678134918
Epoch: 780, Loss: 0.026151463389396667
Epoch: 781, Loss: 0.026077616959810257
Epoch: 782, Loss: 0.02605317160487175
Epoch: 783, Loss: 0.025980496779084206
Epoch: 784, Loss: 0.02603146806359291
Epoch: 785, Loss: 0.025980858132243156
Epoch: 786, Loss: 0.02597452513873577
Epoch: 787, Loss: 0.02596362866461277
Epoch: 788, Loss: 0.025984901934862137
Epoch: 789, Loss: 0.025915371254086494
Epoch: 790, Loss: 0.025849541649222374
Epoch: 791, Loss: 0.025823943316936493
Epoch: 792, Loss: 0.025748010724782944
Epoch: 793, Loss: 0.025760991498827934
Epoch: 794, Loss: 0.02581615559756756
Epoch: 795, Loss: 0.02573266252875328
Epoch: 796, Loss: 0.025728991255164146
Epoch: 797, Loss: 0.025761865079402924
Epoch: 798, Loss: 0.025699235498905182
Epoch: 799, Loss: 0.02568143792450428
Epoch: 800, Loss: 0.025419581681489944
Epoch: 801, Loss: 0.025264350697398186
Epoch: 802, Loss: 0.025209197774529457
Epoch: 803, Loss: 0.025180155411362648
Epoch: 804, Loss: 0.02505684457719326
Epoch: 805, Loss: 0.024974392727017403
Epoch: 806, Loss: 0.02500513754785061
Epoch: 807, Loss: 0.02496017888188362
Epoch: 808, Loss: 0.024909608066082
Epoch: 809, Loss: 0.024945447221398354
Epoch: 810, Loss: 0.024927383288741112
Epoch: 811, Loss: 0.024863453581929207
Epoch: 812, Loss: 0.02480526827275753
Epoch: 813, Loss: 0.024814069271087646
Epoch: 814, Loss: 0.024912476539611816
Epoch: 815, Loss: 0.024770544841885567
Epoch: 816, Loss: 0.02477128617465496
Epoch: 817, Loss: 0.024740364402532578
Epoch: 818, Loss: 0.024731261655688286
Epoch: 819, Loss: 0.024695856496691704
Epoch: 820, Loss: 0.024697409942746162
Epoch: 821, Loss: 0.024666164070367813
Epoch: 822, Loss: 0.0247050654143095
Epoch: 823, Loss: 0.024661745876073837
Epoch: 824, Loss: 0.0246351920068264
Epoch: 825, Loss: 0.02458043210208416
Epoch: 826, Loss: 0.02461170218884945
Epoch: 827, Loss: 0.0246114619076252
Epoch: 828, Loss: 0.02462099865078926
Epoch: 829, Loss: 0.024676525965332985
Epoch: 830, Loss: 0.02461601234972477
Epoch: 831, Loss: 0.0245625302195549
Epoch: 832, Loss: 0.024592360481619835
Epoch: 833, Loss: 0.02457732893526554
Epoch: 834, Loss: 0.024489767849445343
Epoch: 835, Loss: 0.024501154199242592
Epoch: 836, Loss: 0.02453526295721531
Epoch: 837, Loss: 0.02452012524008751
Epoch: 838, Loss: 0.024510785937309265
Epoch: 839, Loss: 0.024530727416276932
Epoch: 840, Loss: 0.02449650689959526
Epoch: 841, Loss: 0.024445712566375732
Epoch: 842, Loss: 0.024532455950975418
Epoch: 843, Loss: 0.02447165548801422
Epoch: 844, Loss: 0.024455808103084564
Epoch: 845, Loss: 0.024498414248228073
Epoch: 846, Loss: 0.024405546486377716
Epoch: 847, Loss: 0.024445323273539543
Epoch: 848, Loss: 0.02444484457373619
Epoch: 849, Loss: 0.024518799036741257
Epoch: 850, Loss: 0.024466611444950104
Epoch: 851, Loss: 0.02442614734172821
Epoch: 852, Loss: 0.024468928575515747
Epoch: 853, Loss: 0.02435186505317688
Epoch: 854, Loss: 0.024388832971453667
Epoch: 855, Loss: 0.024416640400886536
Epoch: 856, Loss: 0.024499157443642616
Epoch: 857, Loss: 0.024408141151070595
Epoch: 858, Loss: 0.024422651156783104
Epoch: 859, Loss: 0.024400291964411736
Epoch: 860, Loss: 0.024352751672267914
Epoch: 861, Loss: 0.024337293580174446
Epoch: 862, Loss: 0.024425426498055458
Epoch: 863, Loss: 0.024462314322590828
Epoch: 864, Loss: 0.024404913187026978
Epoch: 865, Loss: 0.024375153705477715
Epoch: 866, Loss: 0.02429153397679329
Epoch: 867, Loss: 0.02435552328824997
Epoch: 868, Loss: 0.024290304630994797
Epoch: 869, Loss: 0.024347910657525063
Epoch: 870, Loss: 0.02428355999290943
Epoch: 871, Loss: 0.024291230365633965
Epoch: 872, Loss: 0.024318000301718712
Epoch: 873, Loss: 0.024354610592126846
Epoch: 874, Loss: 0.02428572252392769
Epoch: 875, Loss: 0.024327123537659645
Epoch: 876, Loss: 0.024266203865408897
Epoch: 877, Loss: 0.024288741871714592
Epoch: 878, Loss: 0.02427195943892002
Epoch: 879, Loss: 0.02426961064338684
Epoch: 880, Loss: 0.024280432611703873
Epoch: 881, Loss: 0.02424835041165352
Epoch: 882, Loss: 0.024257328361272812
Epoch: 883, Loss: 0.024214448407292366
Epoch: 884, Loss: 0.024223536252975464
Epoch: 885, Loss: 0.024276914075016975
Epoch: 886, Loss: 0.024234693497419357
Epoch: 887, Loss: 0.024228055030107498
Epoch: 888, Loss: 0.02423809841275215
Epoch: 889, Loss: 0.024217145517468452
Epoch: 890, Loss: 0.024192016571760178
Epoch: 891, Loss: 0.02416418306529522
Epoch: 892, Loss: 0.02421186864376068
Epoch: 893, Loss: 0.024245254695415497
Epoch: 894, Loss: 0.024171456694602966
Epoch: 895, Loss: 0.02423948049545288
Epoch: 896, Loss: 0.024188390001654625
Epoch: 897, Loss: 0.024201197549700737
Epoch: 898, Loss: 0.02421462908387184
Epoch: 899, Loss: 0.024169445037841797
Epoch: 900, Loss: 0.02430335432291031
Epoch: 901, Loss: 0.024157950654625893
Epoch: 902, Loss: 0.02421235293149948
Epoch: 903, Loss: 0.024165499955415726
Epoch: 904, Loss: 0.024184390902519226
Epoch: 905, Loss: 0.02410936914384365
Epoch: 906, Loss: 0.02410893514752388
Epoch: 907, Loss: 0.02417556196451187
Epoch: 908, Loss: 0.024120427668094635
Epoch: 909, Loss: 0.02410225197672844
Epoch: 910, Loss: 0.024124320596456528
Epoch: 911, Loss: 0.024114765226840973
Epoch: 912, Loss: 0.024144358932971954
Epoch: 913, Loss: 0.024097194895148277
Epoch: 914, Loss: 0.024048594757914543
Epoch: 915, Loss: 0.02409863844513893
Epoch: 916, Loss: 0.02404714934527874
Epoch: 917, Loss: 0.024050811305642128
Epoch: 918, Loss: 0.024120258167386055
Epoch: 919, Loss: 0.024086065590381622
Epoch: 920, Loss: 0.02401982620358467
Epoch: 921, Loss: 0.02408096380531788
Epoch: 922, Loss: 0.024087106809020042
Epoch: 923, Loss: 0.02410445548593998
Epoch: 924, Loss: 0.024105792865157127
Epoch: 925, Loss: 0.024078035727143288
Epoch: 926, Loss: 0.024064818397164345
Epoch: 927, Loss: 0.02399332821369171
Epoch: 928, Loss: 0.024056555703282356
Epoch: 929, Loss: 0.024006551131606102
Epoch: 930, Loss: 0.023983929306268692
Epoch: 931, Loss: 0.024050427600741386
Epoch: 932, Loss: 0.0240433681756258
Epoch: 933, Loss: 0.02401840128004551
Epoch: 934, Loss: 0.02398417331278324
Epoch: 935, Loss: 0.02400362119078636
Epoch: 936, Loss: 0.023975446820259094
Epoch: 937, Loss: 0.024004371836781502
Epoch: 938, Loss: 0.02394191548228264
Epoch: 939, Loss: 0.023961391299962997
Epoch: 940, Loss: 0.02392740361392498
Epoch: 941, Loss: 0.024063263088464737
Epoch: 942, Loss: 0.024028880521655083
Epoch: 943, Loss: 0.023958811536431313
Epoch: 944, Loss: 0.024033375084400177
Epoch: 945, Loss: 0.023974329233169556
Epoch: 946, Loss: 0.02390426956117153
Epoch: 947, Loss: 0.0239572711288929
Epoch: 948, Loss: 0.023984676226973534
Epoch: 949, Loss: 0.023898571729660034
Epoch: 950, Loss: 0.02394336834549904
Epoch: 951, Loss: 0.023918185383081436
Epoch: 952, Loss: 0.02385839633643627
Epoch: 953, Loss: 0.02388056181371212
Epoch: 954, Loss: 0.023926354944705963
Epoch: 955, Loss: 0.023882193490862846
Epoch: 956, Loss: 0.023977506905794144
Epoch: 957, Loss: 0.023837177082896233
Epoch: 958, Loss: 0.023942310363054276
Epoch: 959, Loss: 0.023894399404525757
Epoch: 960, Loss: 0.023900486528873444
Epoch: 961, Loss: 0.023938024416565895
Epoch: 962, Loss: 0.023859122768044472
Epoch: 963, Loss: 0.023928748443722725
Epoch: 964, Loss: 0.023882590234279633
Epoch: 965, Loss: 0.023840758949518204
Epoch: 966, Loss: 0.023884272202849388
Epoch: 967, Loss: 0.023844759911298752
Epoch: 968, Loss: 0.0238884836435318
Epoch: 969, Loss: 0.023849613964557648
Epoch: 970, Loss: 0.02384059503674507
Epoch: 971, Loss: 0.023876890540122986
Epoch: 972, Loss: 0.02382751926779747
Epoch: 973, Loss: 0.023826919496059418
Epoch: 974, Loss: 0.023816905915737152
Epoch: 975, Loss: 0.02385738119482994
Epoch: 976, Loss: 0.02382292039692402
Epoch: 977, Loss: 0.023829244077205658
Epoch: 978, Loss: 0.023835940286517143
Epoch: 979, Loss: 0.023791426792740822
Epoch: 980, Loss: 0.023763488978147507
Epoch: 981, Loss: 0.023815136402845383
Epoch: 982, Loss: 0.023785525932908058
Epoch: 983, Loss: 0.02381708472967148
Epoch: 984, Loss: 0.023787353187799454
Epoch: 985, Loss: 0.023788651451468468
Epoch: 986, Loss: 0.023776918649673462
Epoch: 987, Loss: 0.023749519139528275
Epoch: 988, Loss: 0.023733504116535187
Epoch: 989, Loss: 0.023746635764837265
Epoch: 990, Loss: 0.02378755249083042
Epoch: 991, Loss: 0.02377798594534397
Epoch: 992, Loss: 0.023747993633151054
Epoch: 993, Loss: 0.02374514937400818
Epoch: 994, Loss: 0.023767899721860886
Epoch: 995, Loss: 0.023797016590833664
Epoch: 996, Loss: 0.023788178339600563
Epoch: 997, Loss: 0.023814110085368156
Epoch: 998, Loss: 0.023742197081446648
Epoch: 999, Loss: 0.02376912161707878
